<?xml version="1.0" encoding="UTF-8"?>
<!-- Generated by org.testng.reporters.JUnitReportReporter -->
<testsuite hostname="LAPTOP-6RMRN4A6" failures="0" tests="1" name="rahulshettyacademy.tests.ErrorValidations" time="1.046" errors="0" timestamp="2024-04-13T16:15:46 IST" skipped="0">
  <testcase classname="rahulshettyacademy.tests.ErrorValidations" name="submitOrder" time="1.046"/>
</testsuite> <!-- rahulshettyacademy.tests.ErrorValidations -->
