<?xml version="1.0" encoding="UTF-8"?>
<!-- Generated by org.testng.reporters.JUnitReportReporter -->
<testsuite hostname="LAPTOP-6RMRN4A6" failures="0" tests="2" name="rahulshettyacademy.tests.ErrorValidationsTest" time="27.731" errors="0" timestamp="2024-04-26T16:13:00 IST" skipped="0">
  <testcase classname="rahulshettyacademy.tests.ErrorValidationsTest" name="loginErrorValidation" time="8.509"/>
  <testcase classname="rahulshettyacademy.tests.ErrorValidationsTest" name="productErrorValidation" time="19.222"/>
</testsuite> <!-- rahulshettyacademy.tests.ErrorValidationsTest -->
